SF:/Users/thisisyusub/Self/next-app/google_books_service/lib/src/data/dtos/google_book_dto.dart
DA:4,1
DA:14,1
DA:15,1
DA:16,1
DA:17,1
DA:18,1
DA:19,2
DA:24,1
DA:25,4
DA:27,0
DA:32,1
DA:54,1
DA:55,1
DA:56,1
DA:57,1
DA:58,2
DA:60,1
DA:61,1
DA:62,1
DA:63,1
DA:64,1
DA:65,1
DA:66,2
DA:68,1
DA:69,2
DA:74,1
DA:75,1
DA:76,1
DA:77,1
DA:78,1
DA:79,1
DA:80,1
DA:81,1
DA:82,1
DA:83,1
DA:84,1
DA:89,1
DA:97,1
DA:98,1
DA:99,1
DA:100,1
DA:104,1
DA:105,3
LF:43
LH:42
end_of_record
SF:/Users/thisisyusub/Self/next-app/itunes_service/lib/src/data/dtos/album_dto.dart
DA:4,3
DA:25,2
DA:26,2
DA:27,2
DA:28,2
DA:29,2
DA:30,2
DA:31,2
DA:32,2
DA:33,2
DA:34,2
DA:35,2
DA:36,2
DA:37,2
DA:38,2
DA:39,2
DA:40,2
DA:41,2
DA:42,2
DA:43,2
DA:44,4
DA:46,2
DA:69,2
DA:70,2
DA:71,2
DA:72,2
DA:73,2
DA:74,2
DA:75,2
DA:76,2
DA:77,2
DA:78,2
DA:79,2
DA:80,2
DA:81,2
DA:82,2
DA:83,2
DA:84,2
DA:85,2
DA:86,2
DA:87,2
DA:88,2
LF:42
LH:42
end_of_record
SF:/Users/thisisyusub/Self/next-app/itunes_service/lib/src/data/data_sources/album_data_source_impl.dart
DA:8,1
DA:12,1
DA:14,2
DA:16,1
DA:23,1
DA:25,1
DA:26,1
DA:29,4
LF:8
LH:8
end_of_record
SF:/Users/thisisyusub/Self/next-app/itunes_service/lib/src/data/data_sources/podcast_data_source_impl.dart
DA:7,0
DA:11,0
DA:13,0
DA:15,0
DA:22,0
DA:24,0
DA:25,0
DA:29,0
DA:30,0
DA:32,0
LF:10
LH:0
end_of_record
SF:/Users/thisisyusub/Self/next-app/itunes_service/lib/src/data/repositories/remote_album_repository_impl.dart
DA:7,1
DA:11,1
DA:13,2
DA:14,1
LF:4
LH:4
end_of_record
SF:/Users/thisisyusub/Self/next-app/itunes_service/lib/src/data/repositories/remote_podcast_repository_impl.dart
DA:7,0
DA:11,0
DA:13,0
DA:14,0
LF:4
LH:0
end_of_record
SF:/Users/thisisyusub/Self/next-app/itunes_service/lib/src/data/dtos/podcast_dto.dart
DA:29,0
DA:58,0
DA:59,0
DA:60,0
DA:61,0
DA:62,0
DA:63,0
DA:64,0
DA:66,0
DA:67,0
DA:68,0
DA:69,0
DA:70,0
DA:72,0
DA:73,0
DA:74,0
DA:75,0
DA:76,0
DA:77,0
DA:78,0
DA:79,0
DA:80,0
DA:81,0
DA:82,0
DA:83,0
DA:84,0
DA:85,0
DA:86,0
DA:87,0
DA:88,0
DA:89,0
DA:90,0
DA:91,0
DA:95,0
DA:103,0
DA:108,0
DA:109,0
DA:110,0
DA:111,0
LF:39
LH:0
end_of_record
SF:/Users/thisisyusub/Self/next-app/itunes_service/lib/src/data/mappers/album_mapper.dart
DA:6,1
DA:7,2
DA:8,1
DA:9,1
DA:10,1
DA:11,1
DA:12,1
DA:13,1
DA:14,1
DA:15,1
DA:16,1
DA:17,1
DA:19,1
LF:13
LH:13
end_of_record
SF:/Users/thisisyusub/Self/next-app/itunes_service/lib/src/data/mappers/podcast_mapper.dart
DA:6,0
DA:7,0
DA:8,0
DA:9,0
DA:10,0
DA:11,0
DA:12,0
DA:13,0
DA:14,0
DA:15,0
DA:16,0
DA:17,0
DA:18,0
DA:19,0
DA:20,0
DA:23,0
LF:16
LH:0
end_of_record
